<?xml version="1.0" encoding="UTF-8"?>
<testsuite xmlns:xsi="http://www.w3.org/2001/XMLSchema-instance" xsi:noNamespaceSchemaLocation="https://maven.apache.org/surefire/maven-surefire-plugin/xsd/surefire-test-report.xsd" name="com.cognizant.authenticationservice.AuthTests" time="1.324" tests="15" errors="0" skipped="0" failures="0">
  <properties>
[...]
</properties>
  <testcase name="saveEmployeeNeg" classname="com.cognizant.authenticationservice.AuthTests" time="0.273"/>
  <testcase name="getNotValidate" classname="com.cognizant.authenticationservice.AuthTests" time="0.028"/>
  <testcase name="getOneEmployees1" classname="com.cognizant.authenticationservice.AuthTests" time="0.007"/>
  <testcase name="geHealthNeg" classname="com.cognizant.authenticationservice.AuthTests" time="0.009"/>
  <testcase name="getterNameTest" classname="com.cognizant.authenticationservice.AuthTests" time="0.004"/>
  <testcase name="setterNameTestNeg" classname="com.cognizant.authenticationservice.AuthTests" time="0.004"/>
  <testcase name="getterNameTestNeg" classname="com.cognizant.authenticationservice.AuthTests" time="0.004"/>
  <testcase name="getOneEmployees" classname="com.cognizant.authenticationservice.AuthTests" time="0.008"/>
  <testcase name="geHealth" classname="com.cognizant.authenticationservice.AuthTests" time="0.005"/>
  <testcase name="setterPassTest" classname="com.cognizant.authenticationservice.AuthTests" time="0.001"/>
  <testcase name="setterPassTestNeg" classname="com.cognizant.authenticationservice.AuthTests" time="0.003"/>
  <testcase name="saveEmployee" classname="com.cognizant.authenticationservice.AuthTests" time="0.018"/>
  <testcase name="setterNameTest" classname="com.cognizant.authenticationservice.AuthTests" time="0.001"/>
  <testcase name="getRoleTest" classname="com.cognizant.authenticationservice.AuthTests" time="0.006"/>
  <testcase name="geValidate" classname="com.cognizant.authenticationservice.AuthTests" time="0.006"/>
</testsuite>